#
# There is insufficient memory for the Java Runtime Environment to continue.
# Native memory allocation (malloc) failed to allocate 1048576 bytes for AllocateHeap
# Possible reasons:
#   The system is out of physical RAM or swap space
#   The process is running with CompressedOops enabled, and the Java Heap may be blocking the growth of the native heap
# Possible solutions:
#   Reduce memory load on the system
#   Increase physical memory or swap space
#   Check if swap backing store is full
#   Decrease Java heap size (-Xmx/-Xms)
#   Decrease number of Java threads
#   Decrease Java thread stack sizes (-Xss)
#   Set larger code cache with -XX:ReservedCodeCacheSize=
#   JVM is running with Unscaled Compressed Oops mode in which the Java heap is
#     placed in the first 4GB address space. The Java Heap base address is the
#     maximum limit for the native heap growth. Please use -XX:HeapBaseMinAddress
#     to set the Java Heap base and to place the Java Heap above 4GB virtual address.
# This output file may be truncated or incomplete.
#
#  Out of Memory Error (allocation.cpp:44), pid=27628, tid=26740
#
# JRE version:  (17.0.10+11) (build )
# Java VM: Java HotSpot(TM) 64-Bit Server VM (17.0.10+11-LTS-240, mixed mode, sharing, tiered, compressed oops, compressed class ptrs, g1 gc, windows-amd64)
# No core dump will be written. Minidumps are not enabled by default on client versions of Windows
#

---------------  S U M M A R Y ------------

Command Line: -Dfile.encoding=UTF-8 -Dstdout.encoding=UTF-8 -Dstderr.encoding=UTF-8 -XX:+ShowCodeDetailsInExceptionMessages banking.mangament.system.Login

Host: 11th Gen Intel(R) Core(TM) i3-1115G4 @ 3.00GHz, 4 cores, 7G,  Windows 11 , 64 bit Build 22621 (10.0.22621.3235)
Time: Fri Mar 29 23:18:50 2024 India Standard Time elapsed time: 0.027563 seconds (0d 0h 0m 0s)

---------------  T H R E A D  ---------------

Current thread (0x00000215b3916620):  JavaThread "Unknown thread" [_thread_in_vm, id=26740, stack(0x000000bbc0800000,0x000000bbc0900000)]

Stack: [0x000000bbc0800000,0x000000bbc0900000]
Native frames: (J=compiled Java code, j=interpreted, Vv=VM code, C=native code)
V  [jvm.dll+0x677a5a]
V  [jvm.dll+0x7d8b2d]
V  [jvm.dll+0x7da48e]
V  [jvm.dll+0x7daaf3]
V  [jvm.dll+0x2455ff]
V  [jvm.dll+0xa5173]
V  [jvm.dll+0x2d5bd7]
V  [jvm.dll+0x7aa51c]
V  [jvm.dll+0x367911]
V  [jvm.dll+0x789639]
V  [jvm.dll+0x3eb30f]
V  [jvm.dll+0x3ecd91]
C  [jli.dll+0x5297]
C  [ucrtbase.dll+0x29363]
C  [KERNEL32.DLL+0x1257d]
C  [ntdll.dll+0x5aa58]


---------------  P R O C E S S  ---------------

Threads class SMR info:
_java_thread_list=0x00007ffae6cd6a18, length=0, elements={
}

Java Threads: ( => current thread )

Other Threads:

=>0x00000215b3916620 (exited) JavaThread "Unknown thread" [_thread_in_vm, id=26740, stack(0x000000bbc0800000,0x000000bbc0900000)]

Threads with active compile tasks:

VM state: not at safepoint (not fully initialized)

VM Mutex/Monitor currently owned by a thread: None

Heap address: 0x0000000000000000, size: 0 MB, Compressed Oops mode: 32-bit

CDS archive(s) mapped at: [0x0000000000000000-0x0000000000000000-0x0000000000000000), size 0, SharedBaseAddress: 0x0000000800000000, ArchiveRelocationMode: 1.
Narrow klass base: 0x0000000000000000, Narrow klass shift: 0, Narrow klass range: 0x0

GC Precious Log:
<Empty>

GC Heap History (0 events):
No events

Deoptimization events (0 events):
No events

Classes unloaded (0 events):
No events

Classes redefined (0 events):
No events

Internal exceptions (0 events):
No events

VM Operations (0 events):
No events

Events (1 events):
Event: 0.019 Loaded shared library C:\Program Files\Java\jdk-17\bin\java.dll


Dynamic libraries:
0x00007ff7546b0000 - 0x00007ff7546c0000 	C:\Program Files\Java\jdk-17\bin\javaw.exe
0x00007ffb4bc10000 - 0x00007ffb4be26000 	C:\WINDOWS\SYSTEM32\ntdll.dll
0x00007ffb06e10000 - 0x00007ffb06e29000 	C:\Program Files\Avast Software\Avast\aswhook.dll
0x00007ffb4b060000 - 0x00007ffb4b124000 	C:\WINDOWS\System32\KERNEL32.DLL
0x00007ffb48f50000 - 0x00007ffb492f6000 	C:\WINDOWS\System32\KERNELBASE.dll
0x00007ffb49370000 - 0x00007ffb49481000 	C:\WINDOWS\System32\ucrtbase.dll
0x00007ffb34880000 - 0x00007ffb34899000 	C:\Program Files\Java\jdk-17\bin\jli.dll
0x00007ffb49f90000 - 0x00007ffb4a042000 	C:\WINDOWS\System32\ADVAPI32.dll
0x00007ffb49ee0000 - 0x00007ffb49f87000 	C:\WINDOWS\System32\msvcrt.dll
0x00007ffb49b00000 - 0x00007ffb49ba8000 	C:\WINDOWS\System32\sechost.dll
0x00007ffb497f0000 - 0x00007ffb49818000 	C:\WINDOWS\System32\bcrypt.dll
0x00007ffb49bb0000 - 0x00007ffb49cc5000 	C:\WINDOWS\System32\RPCRT4.dll
0x00007ffb4b920000 - 0x00007ffb4bacd000 	C:\WINDOWS\System32\USER32.dll
0x00007ffb495b0000 - 0x00007ffb495d6000 	C:\WINDOWS\System32\win32u.dll
0x00007ffb4b760000 - 0x00007ffb4b789000 	C:\WINDOWS\System32\GDI32.dll
0x00007ffb49490000 - 0x00007ffb495a8000 	C:\WINDOWS\System32\gdi32full.dll
0x00007ffb49750000 - 0x00007ffb497ea000 	C:\WINDOWS\System32\msvcp_win.dll
0x00007ffb441f0000 - 0x00007ffb4420b000 	C:\Program Files\Java\jdk-17\bin\VCRUNTIME140.dll
0x00007ffb34c90000 - 0x00007ffb34f23000 	C:\WINDOWS\WinSxS\amd64_microsoft.windows.common-controls_6595b64144ccf1df_6.0.22621.3235_none_270f74e173860f98\COMCTL32.dll
0x00007ffb3a2a0000 - 0x00007ffb3a2aa000 	C:\WINDOWS\SYSTEM32\VERSION.dll
0x00007ffb4b800000 - 0x00007ffb4b831000 	C:\WINDOWS\System32\IMM32.DLL
0x00007ffb441e0000 - 0x00007ffb441ec000 	C:\Program Files\Java\jdk-17\bin\vcruntime140_1.dll
0x00007ffaefe90000 - 0x00007ffaeff1e000 	C:\Program Files\Java\jdk-17\bin\msvcp140.dll
0x00007ffae6220000 - 0x00007ffae6dff000 	C:\Program Files\Java\jdk-17\bin\server\jvm.dll
0x00007ffb4acc0000 - 0x00007ffb4acc8000 	C:\WINDOWS\System32\PSAPI.DLL
0x00007ffb2ca00000 - 0x00007ffb2ca09000 	C:\WINDOWS\SYSTEM32\WSOCK32.dll
0x00007ffb40520000 - 0x00007ffb40554000 	C:\WINDOWS\SYSTEM32\WINMM.dll
0x00007ffb4bad0000 - 0x00007ffb4bb41000 	C:\WINDOWS\System32\WS2_32.dll
0x00007ffb48080000 - 0x00007ffb48098000 	C:\WINDOWS\SYSTEM32\kernel.appcore.dll
0x00007ffb40610000 - 0x00007ffb4061a000 	C:\Program Files\Java\jdk-17\bin\jimage.dll
0x00007ffb467c0000 - 0x00007ffb469f3000 	C:\WINDOWS\SYSTEM32\DBGHELP.DLL
0x00007ffb4acd0000 - 0x00007ffb4b058000 	C:\WINDOWS\System32\combase.dll
0x00007ffb4b840000 - 0x00007ffb4b917000 	C:\WINDOWS\System32\OLEAUT32.dll
0x00007ffb3c980000 - 0x00007ffb3c9b2000 	C:\WINDOWS\SYSTEM32\dbgcore.DLL
0x00007ffb49820000 - 0x00007ffb4989a000 	C:\WINDOWS\System32\bcryptPrimitives.dll
0x00007ffb03450000 - 0x00007ffb03475000 	C:\Program Files\Java\jdk-17\bin\java.dll

dbghelp: loaded successfully - version: 4.0.5 - missing functions: none
symbol engine: initialized successfully - sym options: 0x614 - pdb path: .;C:\Program Files\Java\jdk-17\bin;C:\WINDOWS\SYSTEM32;C:\Program Files\Avast Software\Avast;C:\WINDOWS\WinSxS\amd64_microsoft.windows.common-controls_6595b64144ccf1df_6.0.22621.3235_none_270f74e173860f98;C:\Program Files\Java\jdk-17\bin\server

VM Arguments:
jvm_args: -Dfile.encoding=UTF-8 -Dstdout.encoding=UTF-8 -Dstderr.encoding=UTF-8 -XX:+ShowCodeDetailsInExceptionMessages 
java_command: banking.mangament.system.Login
java_class_path (initial): D:\JavaCodes\Banking System\bin
Launcher Type: SUN_STANDARD

[Global flags]
     intx CICompilerCount                          = 3                                         {product} {ergonomic}
     uint ConcGCThreads                            = 1                                         {product} {ergonomic}
     uint G1ConcRefinementThreads                  = 4                                         {product} {ergonomic}
   size_t G1HeapRegionSize                         = 1048576                                   {product} {ergonomic}
    uintx GCDrainStackTargetSize                   = 64                                        {product} {ergonomic}
   size_t InitialHeapSize                          = 132120576                                 {product} {ergonomic}
   size_t MarkStackSize                            = 4194304                                   {product} {ergonomic}
   size_t MaxHeapSize                              = 2095054848                                {product} {ergonomic}
   size_t MinHeapDeltaBytes                        = 1048576                                   {product} {ergonomic}
   size_t MinHeapSize                              = 8388608                                   {product} {ergonomic}
    uintx NonNMethodCodeHeapSize                   = 5832780                                {pd product} {ergonomic}
    uintx NonProfiledCodeHeapSize                  = 122912730                              {pd product} {ergonomic}
    uintx ProfiledCodeHeapSize                     = 122912730                              {pd product} {ergonomic}
    uintx ReservedCodeCacheSize                    = 251658240                              {pd product} {ergonomic}
     bool SegmentedCodeCache                       = true                                      {product} {ergonomic}
     bool ShowCodeDetailsInExceptionMessages       = true                                   {manageable} {command line}
   size_t SoftMaxHeapSize                          = 2095054848                             {manageable} {ergonomic}
     bool UseCompressedClassPointers               = true                           {product lp64_product} {ergonomic}
     bool UseCompressedOops                        = true                           {product lp64_product} {ergonomic}
     bool UseG1GC                                  = true                                      {product} {ergonomic}
     bool UseLargePagesIndividualAllocation        = false                                  {pd product} {ergonomic}

Logging:
Log output configuration:
 #0: stdout all=warning uptime,level,tags
 #1: stderr all=off uptime,level,tags

Environment Variables:
JAVA_HOME=C:\Program Files\Java\jdk
PATH=C:\ProgramData\Oracle\Java\javapath;C:\Program Files\Common Files\Oracle\Java\javapath;C:\Windows\system32;C:\Windows;C:\Windows\System32\Wbem;C:\Windows\System32\WindowsPowerShell\v1.0\;C:\Windows\System32\OpenSSH\;C:\MinGW\bin;C:\Users\Bipin\AppData\Local\Microsoft\WindowsApps;C:\Users\Bipin\AppData\Local\Programs\Microsoft VS Code\bin;C:\adb;C:\WINDOWS\system32;C:\WINDOWS;C:\WINDOWS\System32\Wbem;C:\WINDOWS\System32\WindowsPowerShell\v1.0\;C:\WINDOWS\System32\OpenSSH\;C:\MinGW\bin;C:\Program Files (x86)\Microsoft SQL Server\160\Tools\Binn\;C:\Program Files\Microsoft SQL Server\160\Tools\Binn\;C:\Program Files\Microsoft SQL Server\Client SDK\ODBC\170\Tools\Binn\;C:\Program Files\Microsoft SQL Server\160\DTS\Binn\;C:\Program Files\Azure Data Studio\bin;C:\Program Files\Java\jdk-20\bin;C:\MinGW\bin;C:\MinGW\bin;C:\Program Files\MySQL\MySQL Server 8.0\bin;C:\Program Files\Git\cmd;C:\Program Files\Java\jdk-17\bin;C:\Program Files (x86)\Java\jdk1.5.0_22\bin;C:\Program Files\Java\jdk-9.0.4\bin;D:\JavaDevelopmentKit\bin;D:\JavaRunTimeEnivironment\bin;C:\Program Files\MySQL\MySQL Shell 8.0\bin\;C:\Users\Bipin\AppData\Local\Microsoft\WindowsApps;C:\Program Files\Azure Data Studio\bin;C:\Users\Bipin\AppData\Local\Programs\Microsoft VS Code\bin;C:\adb\platform-tools;C:\Program Files\Java\jdk-17\bin;C:\Program Files (x86)\Java\jdk1.5.0_22\bin;C:\Program Files\Java\jdk-9.0.4\bin;D:\JavaDevelopmentKit\bin;D:\JavaRunTimeEnivironment\bin;
USERNAME=Bipin
OS=Windows_NT
PROCESSOR_IDENTIFIER=Intel64 Family 6 Model 140 Stepping 1, GenuineIntel



---------------  S Y S T E M  ---------------

OS:
 Windows 11 , 64 bit Build 22621 (10.0.22621.3235)
OS uptime: 4 days 7:13 hours

CPU: total 4 (initial active 4) (2 cores per cpu, 2 threads per core) family 6 model 140 stepping 1 microcode 0x9a, cx8, cmov, fxsr, ht, mmx, 3dnowpref, sse, sse2, sse3, ssse3, sse4.1, sse4.2, popcnt, lzcnt, tsc, tscinvbit, avx, avx2, aes, erms, clmul, bmi1, bmi2, adx, avx512f, avx512dq, avx512cd, avx512bw, avx512vl, sha, fma, vzeroupper, avx512_vpopcntdq, avx512_vpclmulqdq, avx512_vaes, avx512_vnni, clflush, clflushopt, clwb, avx512_vbmi2, avx512_vbmi

Memory: 4k page, system-wide physical 7991M (357M free)
TotalPageFile size 25782M (AvailPageFile size 5M)
current process WorkingSet (physical memory assigned to process): 11M, peak: 11M
current process commit charge ("private bytes"): 11M, peak: 12M

vm_info: Java HotSpot(TM) 64-Bit Server VM (17.0.10+11-LTS-240) for windows-amd64 JRE (17.0.10+11-LTS-240), built on Dec 19 2023 21:47:25 by "mach5one" with MS VC++ 17.1 (VS2022)

END.
