#
# There is insufficient memory for the Java Runtime Environment to continue.
# Native memory allocation (malloc) failed to allocate 712816 bytes for Chunk::new
# Possible reasons:
#   The system is out of physical RAM or swap space
#   The process is running with CompressedOops enabled, and the Java Heap may be blocking the growth of the native heap
# Possible solutions:
#   Reduce memory load on the system
#   Increase physical memory or swap space
#   Check if swap backing store is full
#   Decrease Java heap size (-Xmx/-Xms)
#   Decrease number of Java threads
#   Decrease Java thread stack sizes (-Xss)
#   Set larger code cache with -XX:ReservedCodeCacheSize=
#   JVM is running with Unscaled Compressed Oops mode in which the Java heap is
#     placed in the first 4GB address space. The Java Heap base address is the
#     maximum limit for the native heap growth. Please use -XX:HeapBaseMinAddress
#     to set the Java Heap base and to place the Java Heap above 4GB virtual address.
# This output file may be truncated or incomplete.
#
#  Out of Memory Error (arena.cpp:189), pid=27288, tid=6000
#
# JRE version: Java(TM) SE Runtime Environment (17.0.10+11) (build 17.0.10+11-LTS-240)
# Java VM: Java HotSpot(TM) 64-Bit Server VM (17.0.10+11-LTS-240, mixed mode, sharing, tiered, compressed oops, compressed class ptrs, g1 gc, windows-amd64)
# No core dump will be written. Minidumps are not enabled by default on client versions of Windows
#

---------------  S U M M A R Y ------------

Command Line: -Dfile.encoding=UTF-8 -Dstdout.encoding=UTF-8 -Dstderr.encoding=UTF-8 -XX:+ShowCodeDetailsInExceptionMessages banking.mangament.system.Login

Host: 11th Gen Intel(R) Core(TM) i3-1115G4 @ 3.00GHz, 4 cores, 7G,  Windows 11 , 64 bit Build 22621 (10.0.22621.3235)
Time: Fri Mar 29 23:25:12 2024 India Standard Time elapsed time: 0.785085 seconds (0d 0h 0m 0s)

---------------  T H R E A D  ---------------

Current thread (0x0000022aff5bac00):  JavaThread "C2 CompilerThread0" daemon [_thread_in_native, id=6000, stack(0x000000b3b9100000,0x000000b3b9200000)]


Current CompileTask:
C2:    785 1073   !   4       sun.font.TrueTypeFont::getTableBuffer (215 bytes)

Stack: [0x000000b3b9100000,0x000000b3b9200000]
Native frames: (J=compiled Java code, j=interpreted, Vv=VM code, C=native code)
V  [jvm.dll+0x677a5a]
V  [jvm.dll+0x7d8b2d]
V  [jvm.dll+0x7da48e]
V  [jvm.dll+0x7daaf3]
V  [jvm.dll+0x2455ff]
V  [jvm.dll+0xaaafb]
V  [jvm.dll+0xab09c]
V  [jvm.dll+0x361b5f]
V  [jvm.dll+0x32c211]
V  [jvm.dll+0x32b6aa]
V  [jvm.dll+0x21794f]
V  [jvm.dll+0x216d81]
V  [jvm.dll+0x1a3410]
V  [jvm.dll+0x226aeb]
V  [jvm.dll+0x224cab]
V  [jvm.dll+0x78e45c]
V  [jvm.dll+0x78888a]
V  [jvm.dll+0x676935]
C  [ucrtbase.dll+0x29363]
C  [KERNEL32.DLL+0x1257d]
C  [ntdll.dll+0x5aa58]


---------------  P R O C E S S  ---------------

Threads class SMR info:
_java_thread_list=0x0000022affae1a20, length=17, elements={
0x0000022aff5945d0, 0x0000022aff597e10, 0x0000022aff5a8540, 0x0000022aff5aa110,
0x0000022aff5b0370, 0x0000022aff5b8240, 0x0000022aff5bac00, 0x0000022aff5bbad0,
0x0000022aff5d5fe0, 0x0000022aff7ea990, 0x0000022aff7f7140, 0x0000022affa06b80,
0x0000022affa0be80, 0x0000022affa0c360, 0x0000022affa5b700, 0x0000022affb1b110,
0x0000022affb0aa60
}

Java Threads: ( => current thread )
  0x0000022aff5945d0 JavaThread "Reference Handler" daemon [_thread_blocked, id=12576, stack(0x000000b3b8a00000,0x000000b3b8b00000)]
  0x0000022aff597e10 JavaThread "Finalizer" daemon [_thread_blocked, id=1364, stack(0x000000b3b8b00000,0x000000b3b8c00000)]
  0x0000022aff5a8540 JavaThread "Signal Dispatcher" daemon [_thread_blocked, id=21896, stack(0x000000b3b8d00000,0x000000b3b8e00000)]
  0x0000022aff5aa110 JavaThread "Attach Listener" daemon [_thread_blocked, id=18832, stack(0x000000b3b8e00000,0x000000b3b8f00000)]
  0x0000022aff5b0370 JavaThread "Service Thread" daemon [_thread_blocked, id=20232, stack(0x000000b3b8f00000,0x000000b3b9000000)]
  0x0000022aff5b8240 JavaThread "Monitor Deflation Thread" daemon [_thread_blocked, id=22244, stack(0x000000b3b9000000,0x000000b3b9100000)]
=>0x0000022aff5bac00 JavaThread "C2 CompilerThread0" daemon [_thread_in_native, id=6000, stack(0x000000b3b9100000,0x000000b3b9200000)]
  0x0000022aff5bbad0 JavaThread "C1 CompilerThread0" daemon [_thread_blocked, id=3680, stack(0x000000b3b9200000,0x000000b3b9300000)]
  0x0000022aff5d5fe0 JavaThread "Sweeper thread" daemon [_thread_blocked, id=13064, stack(0x000000b3b9300000,0x000000b3b9400000)]
  0x0000022aff7ea990 JavaThread "Notification Thread" daemon [_thread_blocked, id=7404, stack(0x000000b3b9400000,0x000000b3b9500000)]
  0x0000022aff7f7140 JavaThread "Common-Cleaner" daemon [_thread_blocked, id=27028, stack(0x000000b3b9600000,0x000000b3b9700000)]
  0x0000022affa06b80 JavaThread "Java2D Disposer" daemon [_thread_blocked, id=17300, stack(0x000000b3b9700000,0x000000b3b9800000)]
  0x0000022affa0be80 JavaThread "AWT-Shutdown" [_thread_blocked, id=16264, stack(0x000000b3b9800000,0x000000b3b9900000)]
  0x0000022affa0c360 JavaThread "AWT-Windows" daemon [_thread_in_native, id=13712, stack(0x000000b3b9900000,0x000000b3b9a00000)]
  0x0000022affa5b700 JavaThread "Image Fetcher 0" daemon [_thread_blocked, id=25372, stack(0x000000b3b9a00000,0x000000b3b9b00000)]
  0x0000022affb1b110 JavaThread "AWT-EventQueue-0" [_thread_in_vm, id=27420, stack(0x000000b3b9b00000,0x000000b3b9c00000)]
  0x0000022affb0aa60 JavaThread "DestroyJavaVM" [_thread_blocked, id=13900, stack(0x000000b3b8300000,0x000000b3b8400000)]

Other Threads:
  0x0000022aff5902c0 VMThread "VM Thread" [stack: 0x000000b3b8900000,0x000000b3b8a00000] [id=21444]
  0x0000022aff7f6eb0 WatcherThread [stack: 0x000000b3b9500000,0x000000b3b9600000] [id=25808]
  0x0000022af0e5f5b0 GCTaskThread "GC Thread#0" [stack: 0x000000b3b8400000,0x000000b3b8500000] [id=15452]
  0x0000022ad4952870 GCTaskThread "GC Thread#1" [stack: 0x000000b3b9f00000,0x000000b3ba000000] [id=27384]
  0x0000022ad492bd20 GCTaskThread "GC Thread#2" [stack: 0x000000b3ba000000,0x000000b3ba100000] [id=18332]
  0x0000022ad492bfe0 GCTaskThread "GC Thread#3" [stack: 0x000000b3ba100000,0x000000b3ba200000] [id=18652]
  0x0000022af0e6fec0 ConcurrentGCThread "G1 Main Marker" [stack: 0x000000b3b8500000,0x000000b3b8600000] [id=26192]
  0x0000022af0e719b0 ConcurrentGCThread "G1 Conc#0" [stack: 0x000000b3b8600000,0x000000b3b8700000] [id=16624]
  0x0000022af0ec8e40 ConcurrentGCThread "G1 Refine#0" [stack: 0x000000b3b8700000,0x000000b3b8800000] [id=6680]
  0x0000022ad492c2a0 ConcurrentGCThread "G1 Refine#1" [stack: 0x000000b3ba200000,0x000000b3ba300000] [id=27184]
  0x0000022ad492c590 ConcurrentGCThread "G1 Refine#2" [stack: 0x000000b3ba300000,0x000000b3ba400000] [id=16364]
  0x0000022af0ec9a10 ConcurrentGCThread "G1 Service" [stack: 0x000000b3b8800000,0x000000b3b8900000] [id=16376]

Threads with active compile tasks:
C2 CompilerThread0      813 1073   !   4       sun.font.TrueTypeFont::getTableBuffer (215 bytes)

VM state: not at safepoint (normal execution)

VM Mutex/Monitor currently owned by a thread:  ([mutex/lock_event])
[0x0000022af0e00820] Metaspace_lock - owner thread: 0x0000022affb1b110

Heap address: 0x0000000083200000, size: 1998 MB, Compressed Oops mode: 32-bit

CDS archive(s) mapped at: [0x0000022a8f000000-0x0000022a8fbd0000-0x0000022a8fbd0000), size 12386304, SharedBaseAddress: 0x0000022a8f000000, ArchiveRelocationMode: 1.
Compressed class space mapped at: 0x0000022a90000000-0x0000022ad0000000, reserved size: 1073741824
Narrow klass base: 0x0000022a8f000000, Narrow klass shift: 0, Narrow klass range: 0x100000000

GC Precious Log:
 CPUs: 4 total, 4 available
 Memory: 7991M
 Large Page Support: Disabled
 NUMA Support: Disabled
 Compressed Oops: Enabled (32-bit)
 Heap Region Size: 1M
 Heap Min Capacity: 8M
 Heap Initial Capacity: 126M
 Heap Max Capacity: 1998M
 Pre-touch: Disabled
 Parallel Workers: 4
 Concurrent Workers: 1
 Concurrent Refinement Workers: 4
 Periodic GC: Disabled

Heap:
 garbage-first heap   total 129024K, used 10070K [0x0000000083200000, 0x0000000100000000)
  region size 1024K, 6 young (6144K), 2 survivors (2048K)
 Metaspace       used 8019K, committed 8192K, reserved 1114112K
  class space    used 886K, committed 1024K, reserved 1048576K

Heap Regions: E=young(eden), S=young(survivor), O=old, HS=humongous(starts), HC=humongous(continues), CS=collection set, F=free, OA=open archive, CA=closed archive, TAMS=top-at-mark-start (previous, next)
|   0|0x0000000083200000, 0x0000000083300000, 0x0000000083300000|100%|HS|  |TAMS 0x0000000083200000, 0x0000000083200000| Complete 
|   1|0x0000000083300000, 0x0000000083400000, 0x0000000083400000|100%|HC|  |TAMS 0x0000000083300000, 0x0000000083300000| Complete 
|   2|0x0000000083400000, 0x0000000083500000, 0x0000000083500000|100%|HC|  |TAMS 0x0000000083400000, 0x0000000083400000| Complete 
|   3|0x0000000083500000, 0x0000000083600000, 0x0000000083600000|100%| O|  |TAMS 0x0000000083500000, 0x0000000083500000| Untracked 
|   4|0x0000000083600000, 0x00000000836d5800, 0x0000000083700000| 83%| O|  |TAMS 0x0000000083600000, 0x0000000083600000| Untracked 
|   5|0x0000000083700000, 0x0000000083700000, 0x0000000083800000|  0%| F|  |TAMS 0x0000000083700000, 0x0000000083700000| Untracked 
|   6|0x0000000083800000, 0x0000000083800000, 0x0000000083900000|  0%| F|  |TAMS 0x0000000083800000, 0x0000000083800000| Untracked 
|   7|0x0000000083900000, 0x0000000083900000, 0x0000000083a00000|  0%| F|  |TAMS 0x0000000083900000, 0x0000000083900000| Untracked 
|   8|0x0000000083a00000, 0x0000000083a00000, 0x0000000083b00000|  0%| F|  |TAMS 0x0000000083a00000, 0x0000000083a00000| Untracked 
|   9|0x0000000083b00000, 0x0000000083b00000, 0x0000000083c00000|  0%| F|  |TAMS 0x0000000083b00000, 0x0000000083b00000| Untracked 
|  10|0x0000000083c00000, 0x0000000083c00000, 0x0000000083d00000|  0%| F|  |TAMS 0x0000000083c00000, 0x0000000083c00000| Untracked 
|  11|0x0000000083d00000, 0x0000000083d00000, 0x0000000083e00000|  0%| F|  |TAMS 0x0000000083d00000, 0x0000000083d00000| Untracked 
|  12|0x0000000083e00000, 0x0000000083e00000, 0x0000000083f00000|  0%| F|  |TAMS 0x0000000083e00000, 0x0000000083e00000| Untracked 
|  13|0x0000000083f00000, 0x0000000083f00000, 0x0000000084000000|  0%| F|  |TAMS 0x0000000083f00000, 0x0000000083f00000| Untracked 
|  14|0x0000000084000000, 0x0000000084000000, 0x0000000084100000|  0%| F|  |TAMS 0x0000000084000000, 0x0000000084000000| Untracked 
|  15|0x0000000084100000, 0x0000000084100000, 0x0000000084200000|  0%| F|  |TAMS 0x0000000084100000, 0x0000000084100000| Untracked 
|  16|0x0000000084200000, 0x0000000084200000, 0x0000000084300000|  0%| F|  |TAMS 0x0000000084200000, 0x0000000084200000| Untracked 
|  17|0x0000000084300000, 0x0000000084300000, 0x0000000084400000|  0%| F|  |TAMS 0x0000000084300000, 0x0000000084300000| Untracked 
|  18|0x0000000084400000, 0x0000000084400000, 0x0000000084500000|  0%| F|  |TAMS 0x0000000084400000, 0x0000000084400000| Untracked 
|  19|0x0000000084500000, 0x0000000084500000, 0x0000000084600000|  0%| F|  |TAMS 0x0000000084500000, 0x0000000084500000| Untracked 
|  20|0x0000000084600000, 0x0000000084600000, 0x0000000084700000|  0%| F|  |TAMS 0x0000000084600000, 0x0000000084600000| Untracked 
|  21|0x0000000084700000, 0x0000000084700000, 0x0000000084800000|  0%| F|  |TAMS 0x0000000084700000, 0x0000000084700000| Untracked 
|  22|0x0000000084800000, 0x0000000084800000, 0x0000000084900000|  0%| F|  |TAMS 0x0000000084800000, 0x0000000084800000| Untracked 
|  23|0x0000000084900000, 0x0000000084900000, 0x0000000084a00000|  0%| F|  |TAMS 0x0000000084900000, 0x0000000084900000| Untracked 
|  24|0x0000000084a00000, 0x0000000084a00000, 0x0000000084b00000|  0%| F|  |TAMS 0x0000000084a00000, 0x0000000084a00000| Untracked 
|  25|0x0000000084b00000, 0x0000000084b00000, 0x0000000084c00000|  0%| F|  |TAMS 0x0000000084b00000, 0x0000000084b00000| Untracked 
|  26|0x0000000084c00000, 0x0000000084c00000, 0x0000000084d00000|  0%| F|  |TAMS 0x0000000084c00000, 0x0000000084c00000| Untracked 
|  27|0x0000000084d00000, 0x0000000084d00000, 0x0000000084e00000|  0%| F|  |TAMS 0x0000000084d00000, 0x0000000084d00000| Untracked 
|  28|0x0000000084e00000, 0x0000000084e00000, 0x0000000084f00000|  0%| F|  |TAMS 0x0000000084e00000, 0x0000000084e00000| Untracked 
|  29|0x0000000084f00000, 0x0000000084f00000, 0x0000000085000000|  0%| F|  |TAMS 0x0000000084f00000, 0x0000000084f00000| Untracked 
|  30|0x0000000085000000, 0x0000000085000000, 0x0000000085100000|  0%| F|  |TAMS 0x0000000085000000, 0x0000000085000000| Untracked 
|  31|0x0000000085100000, 0x0000000085100000, 0x0000000085200000|  0%| F|  |TAMS 0x0000000085100000, 0x0000000085100000| Untracked 
|  32|0x0000000085200000, 0x0000000085200000, 0x0000000085300000|  0%| F|  |TAMS 0x0000000085200000, 0x0000000085200000| Untracked 
|  33|0x0000000085300000, 0x0000000085300000, 0x0000000085400000|  0%| F|  |TAMS 0x0000000085300000, 0x0000000085300000| Untracked 
|  34|0x0000000085400000, 0x0000000085400000, 0x0000000085500000|  0%| F|  |TAMS 0x0000000085400000, 0x0000000085400000| Untracked 
|  35|0x0000000085500000, 0x0000000085500000, 0x0000000085600000|  0%| F|  |TAMS 0x0000000085500000, 0x0000000085500000| Untracked 
|  36|0x0000000085600000, 0x0000000085600000, 0x0000000085700000|  0%| F|  |TAMS 0x0000000085600000, 0x0000000085600000| Untracked 
|  37|0x0000000085700000, 0x0000000085700000, 0x0000000085800000|  0%| F|  |TAMS 0x0000000085700000, 0x0000000085700000| Untracked 
|  38|0x0000000085800000, 0x0000000085800000, 0x0000000085900000|  0%| F|  |TAMS 0x0000000085800000, 0x0000000085800000| Untracked 
|  39|0x0000000085900000, 0x0000000085900000, 0x0000000085a00000|  0%| F|  |TAMS 0x0000000085900000, 0x0000000085900000| Untracked 
|  40|0x0000000085a00000, 0x0000000085a00000, 0x0000000085b00000|  0%| F|  |TAMS 0x0000000085a00000, 0x0000000085a00000| Untracked 
|  41|0x0000000085b00000, 0x0000000085b00000, 0x0000000085c00000|  0%| F|  |TAMS 0x0000000085b00000, 0x0000000085b00000| Untracked 
|  42|0x0000000085c00000, 0x0000000085c00000, 0x0000000085d00000|  0%| F|  |TAMS 0x0000000085c00000, 0x0000000085c00000| Untracked 
|  43|0x0000000085d00000, 0x0000000085d00000, 0x0000000085e00000|  0%| F|  |TAMS 0x0000000085d00000, 0x0000000085d00000| Untracked 
|  44|0x0000000085e00000, 0x0000000085e00000, 0x0000000085f00000|  0%| F|  |TAMS 0x0000000085e00000, 0x0000000085e00000| Untracked 
|  45|0x0000000085f00000, 0x0000000085f00000, 0x0000000086000000|  0%| F|  |TAMS 0x0000000085f00000, 0x0000000085f00000| Untracked 
|  46|0x0000000086000000, 0x0000000086000000, 0x0000000086100000|  0%| F|  |TAMS 0x0000000086000000, 0x0000000086000000| Untracked 
|  47|0x0000000086100000, 0x0000000086100000, 0x0000000086200000|  0%| F|  |TAMS 0x0000000086100000, 0x0000000086100000| Untracked 
|  48|0x0000000086200000, 0x0000000086200000, 0x0000000086300000|  0%| F|  |TAMS 0x0000000086200000, 0x0000000086200000| Untracked 
|  49|0x0000000086300000, 0x0000000086300000, 0x0000000086400000|  0%| F|  |TAMS 0x0000000086300000, 0x0000000086300000| Untracked 
|  50|0x0000000086400000, 0x0000000086400000, 0x0000000086500000|  0%| F|  |TAMS 0x0000000086400000, 0x0000000086400000| Untracked 
|  51|0x0000000086500000, 0x0000000086500000, 0x0000000086600000|  0%| F|  |TAMS 0x0000000086500000, 0x0000000086500000| Untracked 
|  52|0x0000000086600000, 0x0000000086600000, 0x0000000086700000|  0%| F|  |TAMS 0x0000000086600000, 0x0000000086600000| Untracked 
|  53|0x0000000086700000, 0x0000000086700000, 0x0000000086800000|  0%| F|  |TAMS 0x0000000086700000, 0x0000000086700000| Untracked 
|  54|0x0000000086800000, 0x0000000086800000, 0x0000000086900000|  0%| F|  |TAMS 0x0000000086800000, 0x0000000086800000| Untracked 
|  55|0x0000000086900000, 0x0000000086900000, 0x0000000086a00000|  0%| F|  |TAMS 0x0000000086900000, 0x0000000086900000| Untracked 
|  56|0x0000000086a00000, 0x0000000086a00000, 0x0000000086b00000|  0%| F|  |TAMS 0x0000000086a00000, 0x0000000086a00000| Untracked 
|  57|0x0000000086b00000, 0x0000000086b00000, 0x0000000086c00000|  0%| F|  |TAMS 0x0000000086b00000, 0x0000000086b00000| Untracked 
|  58|0x0000000086c00000, 0x0000000086c00000, 0x0000000086d00000|  0%| F|  |TAMS 0x0000000086c00000, 0x0000000086c00000| Untracked 
|  59|0x0000000086d00000, 0x0000000086d00000, 0x0000000086e00000|  0%| F|  |TAMS 0x0000000086d00000, 0x0000000086d00000| Untracked 
|  60|0x0000000086e00000, 0x0000000086e00000, 0x0000000086f00000|  0%| F|  |TAMS 0x0000000086e00000, 0x0000000086e00000| Untracked 
|  61|0x0000000086f00000, 0x0000000086f00000, 0x0000000087000000|  0%| F|  |TAMS 0x0000000086f00000, 0x0000000086f00000| Untracked 
|  62|0x0000000087000000, 0x0000000087000000, 0x0000000087100000|  0%| F|  |TAMS 0x0000000087000000, 0x0000000087000000| Untracked 
|  63|0x0000000087100000, 0x0000000087100000, 0x0000000087200000|  0%| F|  |TAMS 0x0000000087100000, 0x0000000087100000| Untracked 
|  64|0x0000000087200000, 0x0000000087200000, 0x0000000087300000|  0%| F|  |TAMS 0x0000000087200000, 0x0000000087200000| Untracked 
|  65|0x0000000087300000, 0x0000000087300000, 0x0000000087400000|  0%| F|  |TAMS 0x0000000087300000, 0x0000000087300000| Untracked 
|  66|0x0000000087400000, 0x0000000087400000, 0x0000000087500000|  0%| F|  |TAMS 0x0000000087400000, 0x0000000087400000| Untracked 
|  67|0x0000000087500000, 0x0000000087500000, 0x0000000087600000|  0%| F|  |TAMS 0x0000000087500000, 0x0000000087500000| Untracked 
|  68|0x0000000087600000, 0x0000000087600000, 0x0000000087700000|  0%| F|  |TAMS 0x0000000087600000, 0x0000000087600000| Untracked 
|  69|0x0000000087700000, 0x0000000087700000, 0x0000000087800000|  0%| F|  |TAMS 0x0000000087700000, 0x0000000087700000| Untracked 
|  70|0x0000000087800000, 0x0000000087800000, 0x0000000087900000|  0%| F|  |TAMS 0x0000000087800000, 0x0000000087800000| Untracked 
|  71|0x0000000087900000, 0x0000000087900000, 0x0000000087a00000|  0%| F|  |TAMS 0x0000000087900000, 0x0000000087900000| Untracked 
|  72|0x0000000087a00000, 0x0000000087a00000, 0x0000000087b00000|  0%| F|  |TAMS 0x0000000087a00000, 0x0000000087a00000| Untracked 
|  73|0x0000000087b00000, 0x0000000087b00000, 0x0000000087c00000|  0%| F|  |TAMS 0x0000000087b00000, 0x0000000087b00000| Untracked 
|  74|0x0000000087c00000, 0x0000000087c00000, 0x0000000087d00000|  0%| F|  |TAMS 0x0000000087c00000, 0x0000000087c00000| Untracked 
|  75|0x0000000087d00000, 0x0000000087d00000, 0x0000000087e00000|  0%| F|  |TAMS 0x0000000087d00000, 0x0000000087d00000| Untracked 
|  76|0x0000000087e00000, 0x0000000087e00000, 0x0000000087f00000|  0%| F|  |TAMS 0x0000000087e00000, 0x0000000087e00000| Untracked 
|  77|0x0000000087f00000, 0x0000000087f00000, 0x0000000088000000|  0%| F|  |TAMS 0x0000000087f00000, 0x0000000087f00000| Untracked 
|  78|0x0000000088000000, 0x0000000088000000, 0x0000000088100000|  0%| F|  |TAMS 0x0000000088000000, 0x0000000088000000| Untracked 
|  79|0x0000000088100000, 0x0000000088100000, 0x0000000088200000|  0%| F|  |TAMS 0x0000000088100000, 0x0000000088100000| Untracked 
|  80|0x0000000088200000, 0x0000000088200000, 0x0000000088300000|  0%| F|  |TAMS 0x0000000088200000, 0x0000000088200000| Untracked 
|  81|0x0000000088300000, 0x0000000088300000, 0x0000000088400000|  0%| F|  |TAMS 0x0000000088300000, 0x0000000088300000| Untracked 
|  82|0x0000000088400000, 0x0000000088400000, 0x0000000088500000|  0%| F|  |TAMS 0x0000000088400000, 0x0000000088400000| Untracked 
|  83|0x0000000088500000, 0x0000000088500000, 0x0000000088600000|  0%| F|  |TAMS 0x0000000088500000, 0x0000000088500000| Untracked 
|  84|0x0000000088600000, 0x0000000088600000, 0x0000000088700000|  0%| F|  |TAMS 0x0000000088600000, 0x0000000088600000| Untracked 
|  85|0x0000000088700000, 0x0000000088700000, 0x0000000088800000|  0%| F|  |TAMS 0x0000000088700000, 0x0000000088700000| Untracked 
|  86|0x0000000088800000, 0x0000000088800000, 0x0000000088900000|  0%| F|  |TAMS 0x0000000088800000, 0x0000000088800000| Untracked 
|  87|0x0000000088900000, 0x0000000088900000, 0x0000000088a00000|  0%| F|  |TAMS 0x0000000088900000, 0x0000000088900000| Untracked 
|  88|0x0000000088a00000, 0x0000000088a00000, 0x0000000088b00000|  0%| F|  |TAMS 0x0000000088a00000, 0x0000000088a00000| Untracked 
|  89|0x0000000088b00000, 0x0000000088b00000, 0x0000000088c00000|  0%| F|  |TAMS 0x0000000088b00000, 0x0000000088b00000| Untracked 
|  90|0x0000000088c00000, 0x0000000088c00000, 0x0000000088d00000|  0%| F|  |TAMS 0x0000000088c00000, 0x0000000088c00000| Untracked 
|  91|0x0000000088d00000, 0x0000000088d00000, 0x0000000088e00000|  0%| F|  |TAMS 0x0000000088d00000, 0x0000000088d00000| Untracked 
|  92|0x0000000088e00000, 0x0000000088e00000, 0x0000000088f00000|  0%| F|  |TAMS 0x0000000088e00000, 0x0000000088e00000| Untracked 
|  93|0x0000000088f00000, 0x0000000088f00000, 0x0000000089000000|  0%| F|  |TAMS 0x0000000088f00000, 0x0000000088f00000| Untracked 
|  94|0x0000000089000000, 0x0000000089000000, 0x0000000089100000|  0%| F|  |TAMS 0x0000000089000000, 0x0000000089000000| Untracked 
|  95|0x0000000089100000, 0x0000000089100000, 0x0000000089200000|  0%| F|  |TAMS 0x0000000089100000, 0x0000000089100000| Untracked 
|  96|0x0000000089200000, 0x0000000089200000, 0x0000000089300000|  0%| F|  |TAMS 0x0000000089200000, 0x0000000089200000| Untracked 
|  97|0x0000000089300000, 0x0000000089300000, 0x0000000089400000|  0%| F|  |TAMS 0x0000000089300000, 0x0000000089300000| Untracked 
|  98|0x0000000089400000, 0x0000000089400000, 0x0000000089500000|  0%| F|  |TAMS 0x0000000089400000, 0x0000000089400000| Untracked 
|  99|0x0000000089500000, 0x0000000089500000, 0x0000000089600000|  0%| F|  |TAMS 0x0000000089500000, 0x0000000089500000| Untracked 
| 100|0x0000000089600000, 0x0000000089600000, 0x0000000089700000|  0%| F|  |TAMS 0x0000000089600000, 0x0000000089600000| Untracked 
| 101|0x0000000089700000, 0x0000000089700000, 0x0000000089800000|  0%| F|  |TAMS 0x0000000089700000, 0x0000000089700000| Untracked 
| 102|0x0000000089800000, 0x0000000089800000, 0x0000000089900000|  0%| F|  |TAMS 0x0000000089800000, 0x0000000089800000| Untracked 
| 103|0x0000000089900000, 0x0000000089900000, 0x0000000089a00000|  0%| F|  |TAMS 0x0000000089900000, 0x0000000089900000| Untracked 
| 104|0x0000000089a00000, 0x0000000089a00000, 0x0000000089b00000|  0%| F|  |TAMS 0x0000000089a00000, 0x0000000089a00000| Untracked 
| 105|0x0000000089b00000, 0x0000000089b00000, 0x0000000089c00000|  0%| F|  |TAMS 0x0000000089b00000, 0x0000000089b00000| Untracked 
| 106|0x0000000089c00000, 0x0000000089c00000, 0x0000000089d00000|  0%| F|  |TAMS 0x0000000089c00000, 0x0000000089c00000| Untracked 
| 107|0x0000000089d00000, 0x0000000089d00000, 0x0000000089e00000|  0%| F|  |TAMS 0x0000000089d00000, 0x0000000089d00000| Untracked 
| 108|0x0000000089e00000, 0x0000000089e00000, 0x0000000089f00000|  0%| F|  |TAMS 0x0000000089e00000, 0x0000000089e00000| Untracked 
| 109|0x0000000089f00000, 0x0000000089f00000, 0x000000008a000000|  0%| F|  |TAMS 0x0000000089f00000, 0x0000000089f00000| Untracked 
| 110|0x000000008a000000, 0x000000008a000000, 0x000000008a100000|  0%| F|  |TAMS 0x000000008a000000, 0x000000008a000000| Untracked 
| 111|0x000000008a100000, 0x000000008a200000, 0x000000008a200000|100%| S|CS|TAMS 0x000000008a100000, 0x000000008a100000| Complete 
| 112|0x000000008a200000, 0x000000008a300000, 0x000000008a300000|100%| S|CS|TAMS 0x000000008a200000, 0x000000008a200000| Complete 
| 113|0x000000008a300000, 0x000000008a300000, 0x000000008a400000|  0%| F|  |TAMS 0x000000008a300000, 0x000000008a300000| Untracked 
| 114|0x000000008a400000, 0x000000008a400000, 0x000000008a500000|  0%| F|  |TAMS 0x000000008a400000, 0x000000008a400000| Untracked 
| 115|0x000000008a500000, 0x000000008a500000, 0x000000008a600000|  0%| F|  |TAMS 0x000000008a500000, 0x000000008a500000| Untracked 
| 116|0x000000008a600000, 0x000000008a600000, 0x000000008a700000|  0%| F|  |TAMS 0x000000008a600000, 0x000000008a600000| Untracked 
| 117|0x000000008a700000, 0x000000008a700000, 0x000000008a800000|  0%| F|  |TAMS 0x000000008a700000, 0x000000008a700000| Untracked 
| 118|0x000000008a800000, 0x000000008a800000, 0x000000008a900000|  0%| F|  |TAMS 0x000000008a800000, 0x000000008a800000| Untracked 
| 119|0x000000008a900000, 0x000000008a900000, 0x000000008aa00000|  0%| F|  |TAMS 0x000000008a900000, 0x000000008a900000| Untracked 
| 120|0x000000008aa00000, 0x000000008aa00000, 0x000000008ab00000|  0%| F|  |TAMS 0x000000008aa00000, 0x000000008aa00000| Untracked 
| 121|0x000000008ab00000, 0x000000008ab00000, 0x000000008ac00000|  0%| F|  |TAMS 0x000000008ab00000, 0x000000008ab00000| Untracked 
| 122|0x000000008ac00000, 0x000000008ac6cf20, 0x000000008ad00000| 42%| E|  |TAMS 0x000000008ac00000, 0x000000008ac00000| Complete 
| 123|0x000000008ad00000, 0x000000008ae00000, 0x000000008ae00000|100%| E|CS|TAMS 0x000000008ad00000, 0x000000008ad00000| Complete 
| 124|0x000000008ae00000, 0x000000008af00000, 0x000000008af00000|100%| E|CS|TAMS 0x000000008ae00000, 0x000000008ae00000| Complete 
| 125|0x000000008af00000, 0x000000008b000000, 0x000000008b000000|100%| E|CS|TAMS 0x000000008af00000, 0x000000008af00000| Complete 

Card table byte_map: [0x0000022af8aa0000,0x0000022af8e90000] _byte_map_base: 0x0000022af8687000

Marking Bits (Prev, Next): (CMBitMap*) 0x0000022af0e5fbd0, (CMBitMap*) 0x0000022af0e5fc10
 Prev Bits: [0x0000022af9280000, 0x0000022afb1b8000)
 Next Bits: [0x0000022afb1c0000, 0x0000022afd0f8000)

Polling page: 0x0000022aeed30000

Metaspace:

Usage:
  Non-class:      6.97 MB used.
      Class:    886.62 KB used.
       Both:      7.83 MB used.

Virtual space:
  Non-class space:       64.00 MB reserved,       7.00 MB ( 11%) committed,  1 nodes.
      Class space:        1.00 GB reserved,       1.00 MB ( <1%) committed,  1 nodes.
             Both:        1.06 GB reserved,       8.00 MB ( <1%) committed. 

Chunk freelists:
   Non-Class:  8.00 MB
       Class:  15.05 MB
        Both:  23.05 MB

MaxMetaspaceSize: unlimited
CompressedClassSpaceSize: 1.00 GB
Initial GC threshold: 21.00 MB
Current GC threshold: 21.00 MB
CDS: on
MetaspaceReclaimPolicy: balanced
 - commit_granule_bytes: 65536.
 - commit_granule_words: 8192.
 - virtual_space_node_default_size: 8388608.
 - enlarge_chunks_in_place: 1.
 - new_chunks_are_fully_committed: 0.
 - uncommit_free_chunks: 1.
 - use_allocation_guard: 0.
 - handle_deallocations: 1.


Internal statistics:

num_allocs_failed_limit: 0.
num_arena_births: 118.
num_arena_deaths: 0.
num_vsnodes_births: 2.
num_vsnodes_deaths: 0.
num_space_committed: 128.
num_space_uncommitted: 0.
num_chunks_returned_to_freelist: 0.
num_chunks_taken_from_freelist: 172.
num_chunk_merges: 0.
num_chunk_splits: 91.
num_chunks_enlarged: 21.
num_inconsistent_stats: 0.

CodeHeap 'non-profiled nmethods': size=120000Kb used=290Kb max_used=290Kb free=119709Kb
 bounds [0x0000022a87ad0000, 0x0000022a87d40000, 0x0000022a8f000000]
CodeHeap 'profiled nmethods': size=120000Kb used=1881Kb max_used=1881Kb free=118119Kb
 bounds [0x0000022a80000000, 0x0000022a80270000, 0x0000022a87530000]
CodeHeap 'non-nmethods': size=5760Kb used=1276Kb max_used=1291Kb free=4483Kb
 bounds [0x0000022a87530000, 0x0000022a877a0000, 0x0000022a87ad0000]
 total_blobs=1683 nmethods=1094 adapters=502
 compilation: enabled
              stopped_count=0, restarted_count=0
 full_count=0

Compilation events (20 events):
Event: 0.749 Thread 0x0000022aff5bbad0 1076   !   3       sun.font.TrueTypeFont::getAllFullNames (30 bytes)
Event: 0.750 Thread 0x0000022aff5bbad0 nmethod 1076 0x0000022a801c8010 code [0x0000022a801c8220, 0x0000022a801c8b08]
Event: 0.750 Thread 0x0000022aff5bbad0 1078  s    3       sun.font.FontFamily::addLocaleNames (45 bytes)
Event: 0.750 Thread 0x0000022aff5bbad0 nmethod 1078 0x0000022a801c8e10 code [0x0000022a801c9040, 0x0000022a801c98c8]
Event: 0.750 Thread 0x0000022aff5bbad0 1077   !   3       sun.font.TrueTypeFont::getAllFamilyNames (30 bytes)
Event: 0.751 Thread 0x0000022aff5bbad0 nmethod 1077 0x0000022a801c9b90 code [0x0000022a801c9da0, 0x0000022a801ca688]
Event: 0.762 Thread 0x0000022aff5bbad0 1079       3       java.lang.Character::toLowerCase (9 bytes)
Event: 0.762 Thread 0x0000022aff5bbad0 nmethod 1079 0x0000022a801ca990 code [0x0000022a801cab40, 0x0000022a801cad38]
Event: 0.770 Thread 0x0000022aff5bbad0 1080       3       java.lang.Double::isNaN (12 bytes)
Event: 0.770 Thread 0x0000022aff5bbad0 nmethod 1080 0x0000022a801cae10 code [0x0000022a801cafa0, 0x0000022a801cb118]
Event: 0.770 Thread 0x0000022aff5bbad0 1081       1       javax.swing.text.GapVector::getGapEnd (5 bytes)
Event: 0.770 Thread 0x0000022aff5bbad0 nmethod 1081 0x0000022a87b17c10 code [0x0000022a87b17da0, 0x0000022a87b17e78]
Event: 0.770 Thread 0x0000022aff5bbad0 1083       3       java.lang.Double::doubleToLongBits (16 bytes)
Event: 0.770 Thread 0x0000022aff5bbad0 nmethod 1083 0x0000022a801cb190 code [0x0000022a801cb340, 0x0000022a801cb598]
Event: 0.770 Thread 0x0000022aff5bbad0 1082       1       javax.swing.text.GapVector::getGapStart (5 bytes)
Event: 0.770 Thread 0x0000022aff5bbad0 nmethod 1082 0x0000022a87b17f10 code [0x0000022a87b180a0, 0x0000022a87b18178]
Event: 0.774 Thread 0x0000022aff5bbad0 1084       1       java.nio.DirectByteBuffer::isReadOnly (2 bytes)
Event: 0.775 Thread 0x0000022aff5bbad0 nmethod 1084 0x0000022a87b18210 code [0x0000022a87b183a0, 0x0000022a87b18478]
Event: 0.779 Thread 0x0000022aff5bbad0 1085       1       java.util.concurrent.locks.AbstractOwnableSynchronizer::setExclusiveOwnerThread (6 bytes)
Event: 0.780 Thread 0x0000022aff5bbad0 nmethod 1085 0x0000022a87b18510 code [0x0000022a87b186a0, 0x0000022a87b187b8]

GC Heap History (2 events):
Event: 0.720 GC heap before
{Heap before GC invocations=0 (full 0):
 garbage-first heap   total 129024K, used 15360K [0x0000000083200000, 0x0000000100000000)
  region size 1024K, 13 young (13312K), 0 survivors (0K)
 Metaspace       used 7801K, committed 8000K, reserved 1114112K
  class space    used 872K, committed 1024K, reserved 1048576K
}
Event: 0.725 GC heap after
{Heap after GC invocations=1 (full 0):
 garbage-first heap   total 129024K, used 6998K [0x0000000083200000, 0x0000000100000000)
  region size 1024K, 2 young (2048K), 2 survivors (2048K)
 Metaspace       used 7801K, committed 8000K, reserved 1114112K
  class space    used 872K, committed 1024K, reserved 1048576K
}

Deoptimization events (20 events):
Event: 0.398 Thread 0x0000022af0e06700 Uncommon trap: trap_request=0xffffffc6 fr.pc=0x0000022a87afab60 relative=0x00000000000009e0
Event: 0.398 Thread 0x0000022af0e06700 Uncommon trap: reason=bimorphic_or_optimized_type_check action=maybe_recompile pc=0x0000022a87afab60 method=java.util.HashMap.putVal(ILjava/lang/Object;Ljava/lang/Object;ZZ)Ljava/lang/Object; @ 152 c2
Event: 0.398 Thread 0x0000022af0e06700 DEOPT PACKING pc=0x0000022a87afab60 sp=0x000000b3b83fc630
Event: 0.398 Thread 0x0000022af0e06700 DEOPT UNPACKING pc=0x0000022a87585ba3 sp=0x000000b3b83fc5b0 mode 2
Event: 0.398 Thread 0x0000022af0e06700 Uncommon trap: trap_request=0xffffffc6 fr.pc=0x0000022a87afab60 relative=0x00000000000009e0
Event: 0.398 Thread 0x0000022af0e06700 Uncommon trap: reason=bimorphic_or_optimized_type_check action=maybe_recompile pc=0x0000022a87afab60 method=java.util.HashMap.putVal(ILjava/lang/Object;Ljava/lang/Object;ZZ)Ljava/lang/Object; @ 152 c2
Event: 0.398 Thread 0x0000022af0e06700 DEOPT PACKING pc=0x0000022a87afab60 sp=0x000000b3b83fc630
Event: 0.398 Thread 0x0000022af0e06700 DEOPT UNPACKING pc=0x0000022a87585ba3 sp=0x000000b3b83fc5b0 mode 2
Event: 0.540 Thread 0x0000022affb1b110 Uncommon trap: trap_request=0xffffff45 fr.pc=0x0000022a87b0702c relative=0x00000000000004ec
Event: 0.540 Thread 0x0000022affb1b110 Uncommon trap: reason=unstable_if action=reinterpret pc=0x0000022a87b0702c method=java.lang.StringLatin1.toLowerCase(Ljava/lang/String;[BLjava/util/Locale;)Ljava/lang/String; @ 43 c2
Event: 0.540 Thread 0x0000022affb1b110 DEOPT PACKING pc=0x0000022a87b0702c sp=0x000000b3b9bfd0f0
Event: 0.541 Thread 0x0000022affb1b110 DEOPT UNPACKING pc=0x0000022a87585ba3 sp=0x000000b3b9bfd060 mode 2
Event: 0.693 Thread 0x0000022affb1b110 Uncommon trap: trap_request=0xffffff45 fr.pc=0x0000022a87ad90b4 relative=0x00000000000001b4
Event: 0.693 Thread 0x0000022affb1b110 Uncommon trap: reason=unstable_if action=reinterpret pc=0x0000022a87ad90b4 method=java.lang.String.hashCode()I @ 20 c2
Event: 0.693 Thread 0x0000022affb1b110 DEOPT PACKING pc=0x0000022a87ad90b4 sp=0x000000b3b9bfd090
Event: 0.693 Thread 0x0000022affb1b110 DEOPT UNPACKING pc=0x0000022a87585ba3 sp=0x000000b3b9bfd020 mode 2
Event: 0.718 Thread 0x0000022affb1b110 Uncommon trap: trap_request=0xffffff45 fr.pc=0x0000022a87b143b0 relative=0x00000000000003f0
Event: 0.718 Thread 0x0000022affb1b110 Uncommon trap: reason=unstable_if action=reinterpret pc=0x0000022a87b143b0 method=java.lang.Character.isSurrogate(C)Z @ 3 c2
Event: 0.718 Thread 0x0000022affb1b110 DEOPT PACKING pc=0x0000022a87b143b0 sp=0x000000b3b9bfcd90
Event: 0.718 Thread 0x0000022affb1b110 DEOPT UNPACKING pc=0x0000022a87585ba3 sp=0x000000b3b9bfcca8 mode 2

Classes unloaded (0 events):
No events

Classes redefined (0 events):
No events

Internal exceptions (17 events):
Event: 0.095 Thread 0x0000022af0e06700 Exception <a 'java/lang/ClassNotFoundException'{0x000000008ae33dd0}: sun/awt/resources/spi/awtProvider> (0x000000008ae33dd0) 
thrown [s\open\src\hotspot\share\classfile\systemDictionary.cpp, line 256]
Event: 0.120 Thread 0x0000022af0e06700 Exception <a 'java/io/FileNotFoundException'{0x000000008ae8c0b0}> (0x000000008ae8c0b0) 
thrown [s\open\src\hotspot\share\prims\jni.cpp, line 516]
Event: 0.129 Thread 0x0000022af0e06700 Exception <a 'java/io/FileNotFoundException'{0x000000008aeb9040}> (0x000000008aeb9040) 
thrown [s\open\src\hotspot\share\prims\jni.cpp, line 516]
Event: 0.173 Thread 0x0000022af0e06700 Exception <a 'java/lang/NoSuchMethodError'{0x000000008ad03a58}: 'java.lang.Object java.lang.invoke.DirectMethodHandle$Holder.invokeStaticInit(java.lang.Object)'> (0x000000008ad03a58) 
thrown [s\open\src\hotspot\share\interpreter\linkResolver.cpp, line 759]
Event: 0.225 Thread 0x0000022af0e06700 Exception <a 'java/lang/NoSuchMethodError'{0x000000008ad93100}: 'void java.lang.invoke.DirectMethodHandle$Holder.invokeSpecial(java.lang.Object, java.lang.Object, java.lang.Object)'> (0x000000008ad93100) 
thrown [s\open\src\hotspot\share\interpreter\linkResolver.cpp, line 759]
Event: 0.239 Thread 0x0000022af0e06700 Exception <a 'java/lang/NoSuchMethodError'{0x000000008adbd2a0}: 'java.lang.Object java.lang.invoke.DirectMethodHandle$Holder.newInvokeSpecial(java.lang.Object, java.lang.Object, java.lang.Object, java.lang.Object, java.lang.Object)'> (0x000000008adbd2a0) 
thrown [s\open\src\hotspot\share\interpreter\linkResolver.cpp, line 759]
Event: 0.242 Thread 0x0000022af0e06700 Exception <a 'java/lang/NoSuchMethodError'{0x000000008adc8eb8}: 'java.lang.Object java.lang.invoke.DirectMethodHandle$Holder.invokeStatic(java.lang.Object, int, java.lang.Object, java.lang.Object, java.lang.Object, java.lang.Object)'> (0x000000008adc8eb8) 
thrown [s\open\src\hotspot\share\interpreter\linkResolver.cpp, line 759]
Event: 0.251 Thread 0x0000022af0e06700 Exception <a 'java/lang/NoSuchMethodError'{0x000000008adee678}: 'java.lang.Object java.lang.invoke.DirectMethodHandle$Holder.invokeStatic(java.lang.Object, int, java.lang.Object)'> (0x000000008adee678) 
thrown [s\open\src\hotspot\share\interpreter\linkResolver.cpp, line 759]
Event: 0.272 Thread 0x0000022af0e06700 Exception <a 'java/lang/ClassNotFoundException'{0x000000008aca6c50}: com/sun/swing/internal/plaf/metal/resources/spi/metalProvider> (0x000000008aca6c50) 
thrown [s\open\src\hotspot\share\classfile\systemDictionary.cpp, line 256]
Event: 0.272 Thread 0x0000022af0e06700 Exception <a 'java/lang/ClassNotFoundException'{0x000000008acaaad8}: com/sun/swing/internal/plaf/basic/resources/spi/basicProvider> (0x000000008acaaad8) 
thrown [s\open\src\hotspot\share\classfile\systemDictionary.cpp, line 256]
Event: 0.320 Thread 0x0000022affa5b700 Exception <a 'java/lang/NoSuchMethodError'{0x000000008aa47db8}: 'java.lang.Object java.lang.invoke.DirectMethodHandle$Holder.newInvokeSpecial(java.lang.Object, java.lang.Object, java.lang.Object, int, int, int, int, int)'> (0x000000008aa47db8) 
thrown [s\open\src\hotspot\share\interpreter\linkResolver.cpp, line 759]
Event: 0.368 Thread 0x0000022affa0c360 Exception <a 'java/lang/NoSuchMethodError'{0x000000008ad53168}: 'void java.lang.invoke.DirectMethodHandle$Holder.invokeVirtual(java.lang.Object, java.lang.Object)'> (0x000000008ad53168) 
thrown [s\open\src\hotspot\share\interpreter\linkResolver.cpp, line 759]
Event: 0.381 Thread 0x0000022af0e06700 Exception <a 'java/lang/NoSuchMethodError'{0x000000008a801c68}: 'void java.lang.invoke.DirectMethodHandle$Holder.invokeStaticInit(java.lang.Object)'> (0x000000008a801c68) 
thrown [s\open\src\hotspot\share\interpreter\linkResolver.cpp, line 759]
Event: 0.545 Thread 0x0000022affb1b110 Exception <a 'java/io/FileNotFoundException'{0x000000008a727540}> (0x000000008a727540) 
thrown [s\open\src\hotspot\share\prims\jni.cpp, line 516]
Event: 0.546 Thread 0x0000022affb1b110 Exception <a 'java/io/FileNotFoundException'{0x000000008a72ac18}> (0x000000008a72ac18) 
thrown [s\open\src\hotspot\share\prims\jni.cpp, line 516]
Event: 0.667 Thread 0x0000022affb1b110 Exception <a 'java/io/FileNotFoundException'{0x000000008a56ca30}> (0x000000008a56ca30) 
thrown [s\open\src\hotspot\share\prims\jni.cpp, line 516]
Event: 0.667 Thread 0x0000022affb1b110 Exception <a 'java/io/FileNotFoundException'{0x000000008a56e780}> (0x000000008a56e780) 
thrown [s\open\src\hotspot\share\prims\jni.cpp, line 516]

VM Operations (14 events):
Event: 0.271 Executing VM operation: HandshakeAllThreads
Event: 0.271 Executing VM operation: HandshakeAllThreads done
Event: 0.349 Executing VM operation: HandshakeAllThreads
Event: 0.349 Executing VM operation: HandshakeAllThreads done
Event: 0.352 Executing VM operation: HandshakeAllThreads
Event: 0.352 Executing VM operation: HandshakeAllThreads done
Event: 0.397 Executing VM operation: HandshakeAllThreads
Event: 0.397 Executing VM operation: HandshakeAllThreads done
Event: 0.463 Executing VM operation: HandshakeAllThreads
Event: 0.463 Executing VM operation: HandshakeAllThreads done
Event: 0.480 Executing VM operation: HandshakeAllThreads
Event: 0.480 Executing VM operation: HandshakeAllThreads done
Event: 0.720 Executing VM operation: G1CollectForAllocation
Event: 0.725 Executing VM operation: G1CollectForAllocation done

Events (20 events):
Event: 0.776 loading class sun/font/StandardGlyphVector$GlyphStrike done
Event: 0.776 loading class sun/awt/image/BufImgSurfaceManager
Event: 0.776 loading class sun/awt/image/BufImgSurfaceManager done
Event: 0.780 loading class java/awt/KeyboardFocusManager$3
Event: 0.780 loading class java/awt/KeyboardFocusManager$3 done
Event: 0.780 loading class java/awt/im/InputContext
Event: 0.780 loading class java/awt/im/InputContext done
Event: 0.780 loading class sun/awt/im/InputMethodContext
Event: 0.781 loading class java/awt/im/spi/InputMethodContext
Event: 0.781 loading class java/awt/im/InputMethodRequests
Event: 0.781 loading class java/awt/im/InputMethodRequests done
Event: 0.781 loading class java/awt/im/spi/InputMethodContext done
Event: 0.781 loading class sun/awt/im/InputContext
Event: 0.781 loading class sun/awt/im/InputContext done
Event: 0.781 loading class sun/awt/im/InputMethodContext done
Event: 0.781 loading class sun/awt/windows/WInputMethod
Event: 0.781 loading class sun/awt/im/InputMethodAdapter
Event: 0.781 loading class java/awt/im/spi/InputMethod
Event: 0.781 loading class java/awt/im/spi/InputMethod done
Event: 0.781 loading class sun/awt/im/InputMethodAdapter done


Dynamic libraries:
0x00007ff7546b0000 - 0x00007ff7546c0000 	C:\Program Files\Java\jdk-17\bin\javaw.exe
0x00007ffb4bc10000 - 0x00007ffb4be26000 	C:\WINDOWS\SYSTEM32\ntdll.dll
0x00007ffb06e10000 - 0x00007ffb06e29000 	C:\Program Files\Avast Software\Avast\aswhook.dll
0x00007ffb4b060000 - 0x00007ffb4b124000 	C:\WINDOWS\System32\KERNEL32.DLL
0x00007ffb48f50000 - 0x00007ffb492f6000 	C:\WINDOWS\System32\KERNELBASE.dll
0x00007ffb49370000 - 0x00007ffb49481000 	C:\WINDOWS\System32\ucrtbase.dll
0x00007ffb34880000 - 0x00007ffb34899000 	C:\Program Files\Java\jdk-17\bin\jli.dll
0x00007ffb49f90000 - 0x00007ffb4a042000 	C:\WINDOWS\System32\ADVAPI32.dll
0x00007ffb49ee0000 - 0x00007ffb49f87000 	C:\WINDOWS\System32\msvcrt.dll
0x00007ffb49b00000 - 0x00007ffb49ba8000 	C:\WINDOWS\System32\sechost.dll
0x00007ffb497f0000 - 0x00007ffb49818000 	C:\WINDOWS\System32\bcrypt.dll
0x00007ffb49bb0000 - 0x00007ffb49cc5000 	C:\WINDOWS\System32\RPCRT4.dll
0x00007ffb4b920000 - 0x00007ffb4bacd000 	C:\WINDOWS\System32\USER32.dll
0x00007ffb495b0000 - 0x00007ffb495d6000 	C:\WINDOWS\System32\win32u.dll
0x00007ffb4b760000 - 0x00007ffb4b789000 	C:\WINDOWS\System32\GDI32.dll
0x00007ffb49490000 - 0x00007ffb495a8000 	C:\WINDOWS\System32\gdi32full.dll
0x00007ffb49750000 - 0x00007ffb497ea000 	C:\WINDOWS\System32\msvcp_win.dll
0x00007ffb441f0000 - 0x00007ffb4420b000 	C:\Program Files\Java\jdk-17\bin\VCRUNTIME140.dll
0x00007ffb34c90000 - 0x00007ffb34f23000 	C:\WINDOWS\WinSxS\amd64_microsoft.windows.common-controls_6595b64144ccf1df_6.0.22621.3235_none_270f74e173860f98\COMCTL32.dll
0x00007ffb3a2a0000 - 0x00007ffb3a2aa000 	C:\WINDOWS\SYSTEM32\VERSION.dll
0x00007ffb4b800000 - 0x00007ffb4b831000 	C:\WINDOWS\System32\IMM32.DLL
0x00007ffb441e0000 - 0x00007ffb441ec000 	C:\Program Files\Java\jdk-17\bin\vcruntime140_1.dll
0x00007ffaefe90000 - 0x00007ffaeff1e000 	C:\Program Files\Java\jdk-17\bin\msvcp140.dll
0x00007ffae6220000 - 0x00007ffae6dff000 	C:\Program Files\Java\jdk-17\bin\server\jvm.dll
0x00007ffb4acc0000 - 0x00007ffb4acc8000 	C:\WINDOWS\System32\PSAPI.DLL
0x00007ffb2ca00000 - 0x00007ffb2ca09000 	C:\WINDOWS\SYSTEM32\WSOCK32.dll
0x00007ffb4bad0000 - 0x00007ffb4bb41000 	C:\WINDOWS\System32\WS2_32.dll
0x00007ffb40520000 - 0x00007ffb40554000 	C:\WINDOWS\SYSTEM32\WINMM.dll
0x00007ffb48080000 - 0x00007ffb48098000 	C:\WINDOWS\SYSTEM32\kernel.appcore.dll
0x00007ffb40610000 - 0x00007ffb4061a000 	C:\Program Files\Java\jdk-17\bin\jimage.dll
0x00007ffb467c0000 - 0x00007ffb469f3000 	C:\WINDOWS\SYSTEM32\DBGHELP.DLL
0x00007ffb4acd0000 - 0x00007ffb4b058000 	C:\WINDOWS\System32\combase.dll
0x00007ffb4b840000 - 0x00007ffb4b917000 	C:\WINDOWS\System32\OLEAUT32.dll
0x00007ffb3c980000 - 0x00007ffb3c9b2000 	C:\WINDOWS\SYSTEM32\dbgcore.DLL
0x00007ffb49820000 - 0x00007ffb4989a000 	C:\WINDOWS\System32\bcryptPrimitives.dll
0x00007ffb03450000 - 0x00007ffb03475000 	C:\Program Files\Java\jdk-17\bin\java.dll
0x00007ffaeb060000 - 0x00007ffaeb137000 	C:\Program Files\Java\jdk-17\bin\jsvml.dll
0x00007ffb4a400000 - 0x00007ffb4ac5d000 	C:\WINDOWS\System32\SHELL32.dll
0x00007ffb46ec0000 - 0x00007ffb477b8000 	C:\WINDOWS\SYSTEM32\windows.storage.dll
0x00007ffb46d80000 - 0x00007ffb46ebe000 	C:\WINDOWS\SYSTEM32\wintypes.dll
0x00007ffb4b660000 - 0x00007ffb4b753000 	C:\WINDOWS\System32\SHCORE.dll
0x00007ffb4ac60000 - 0x00007ffb4acbe000 	C:\WINDOWS\System32\shlwapi.dll
0x00007ffb48e80000 - 0x00007ffb48ea6000 	C:\WINDOWS\SYSTEM32\profapi.dll
0x00007ffae5820000 - 0x00007ffae59b1000 	C:\Program Files\Java\jdk-17\bin\awt.dll
0x00007ffb45bf0000 - 0x00007ffb45c87000 	C:\WINDOWS\SYSTEM32\apphelp.dll
0x00007ffb45f70000 - 0x00007ffb45f9b000 	C:\WINDOWS\system32\DWMAPI.DLL
0x00007ffb45cf0000 - 0x00007ffb45d9b000 	C:\WINDOWS\system32\uxtheme.dll
0x00007ffb21640000 - 0x00007ffb21740000 	C:\WINDOWS\system32\opengl32.dll
0x00007ffb36090000 - 0x00007ffb360bd000 	C:\WINDOWS\SYSTEM32\GLU32.dll
0x00007ffb46240000 - 0x00007ffb46279000 	C:\WINDOWS\SYSTEM32\dxcore.dll
0x00007ffb4a080000 - 0x00007ffb4a1d4000 	C:\WINDOWS\System32\MSCTF.dll
0x00007ffb49960000 - 0x00007ffb49aff000 	C:\WINDOWS\System32\ole32.dll
0x00007ffb00d70000 - 0x00007ffb00d88000 	C:\Program Files\Java\jdk-17\bin\zip.dll
0x00007ffb2edb0000 - 0x00007ffb2edde000 	C:\Program Files\Java\jdk-17\bin\javajpeg.dll
0x00007ffae38b0000 - 0x00007ffae3937000 	C:\Program Files\Java\jdk-17\bin\freetype.dll
0x00007ffadfef0000 - 0x00007ffadffc3000 	C:\Program Files\Java\jdk-17\bin\fontmanager.dll
0x00007ffb49cd0000 - 0x00007ffb49d80000 	C:\WINDOWS\System32\clbcatq.dll
0x00007ffb44e60000 - 0x00007ffb45010000 	C:\WINDOWS\SYSTEM32\WindowsCodecs.dll
0x00007ffb19f50000 - 0x00007ffb19fae000 	C:\WINDOWS\system32\dataexchange.dll
0x00007ffb41bf0000 - 0x00007ffb41e7f000 	C:\WINDOWS\system32\twinapi.appcore.dll
0x00007ffb34500000 - 0x00007ffb3464a000 	C:\WINDOWS\SYSTEM32\textinputframework.dll
0x00007ffb2e600000 - 0x00007ffb2e619000 	C:\Program Files\Java\jdk-17\bin\net.dll
0x00007ffb432b0000 - 0x00007ffb433e7000 	C:\WINDOWS\SYSTEM32\WINHTTP.dll
0x00007ffb48500000 - 0x00007ffb48569000 	C:\WINDOWS\system32\mswsock.dll
0x00007ffb01dd0000 - 0x00007ffb01de6000 	C:\Program Files\Java\jdk-17\bin\nio.dll
0x00007ffb45a70000 - 0x00007ffb45ba4000 	C:\WINDOWS\SYSTEM32\CoreMessaging.dll
0x00007ffb42b40000 - 0x00007ffb42eac000 	C:\WINDOWS\SYSTEM32\CoreUIComponents.dll
0x00007ffb48750000 - 0x00007ffb4875c000 	C:\WINDOWS\SYSTEM32\CRYPTBASE.DLL

dbghelp: loaded successfully - version: 4.0.5 - missing functions: none
symbol engine: initialized successfully - sym options: 0x614 - pdb path: .;C:\Program Files\Java\jdk-17\bin;C:\WINDOWS\SYSTEM32;C:\Program Files\Avast Software\Avast;C:\WINDOWS\WinSxS\amd64_microsoft.windows.common-controls_6595b64144ccf1df_6.0.22621.3235_none_270f74e173860f98;C:\Program Files\Java\jdk-17\bin\server

VM Arguments:
jvm_args: -Dfile.encoding=UTF-8 -Dstdout.encoding=UTF-8 -Dstderr.encoding=UTF-8 -XX:+ShowCodeDetailsInExceptionMessages 
java_command: banking.mangament.system.Login
java_class_path (initial): D:\JavaCodes\Banking System\bin
Launcher Type: SUN_STANDARD

[Global flags]
     intx CICompilerCount                          = 3                                         {product} {ergonomic}
     uint ConcGCThreads                            = 1                                         {product} {ergonomic}
     uint G1ConcRefinementThreads                  = 4                                         {product} {ergonomic}
   size_t G1HeapRegionSize                         = 1048576                                   {product} {ergonomic}
    uintx GCDrainStackTargetSize                   = 64                                        {product} {ergonomic}
   size_t InitialHeapSize                          = 132120576                                 {product} {ergonomic}
   size_t MarkStackSize                            = 4194304                                   {product} {ergonomic}
   size_t MaxHeapSize                              = 2095054848                                {product} {ergonomic}
   size_t MaxNewSize                               = 1256194048                                {product} {ergonomic}
   size_t MinHeapDeltaBytes                        = 1048576                                   {product} {ergonomic}
   size_t MinHeapSize                              = 8388608                                   {product} {ergonomic}
    uintx NonNMethodCodeHeapSize                   = 5832780                                {pd product} {ergonomic}
    uintx NonProfiledCodeHeapSize                  = 122912730                              {pd product} {ergonomic}
    uintx ProfiledCodeHeapSize                     = 122912730                              {pd product} {ergonomic}
    uintx ReservedCodeCacheSize                    = 251658240                              {pd product} {ergonomic}
     bool SegmentedCodeCache                       = true                                      {product} {ergonomic}
     bool ShowCodeDetailsInExceptionMessages       = true                                   {manageable} {command line}
   size_t SoftMaxHeapSize                          = 2095054848                             {manageable} {ergonomic}
     bool UseCompressedClassPointers               = true                           {product lp64_product} {ergonomic}
     bool UseCompressedOops                        = true                           {product lp64_product} {ergonomic}
     bool UseG1GC                                  = true                                      {product} {ergonomic}
     bool UseLargePagesIndividualAllocation        = false                                  {pd product} {ergonomic}

Logging:
Log output configuration:
 #0: stdout all=warning uptime,level,tags
 #1: stderr all=off uptime,level,tags

Environment Variables:
JAVA_HOME=C:\Program Files\Java\jdk
PATH=C:\ProgramData\Oracle\Java\javapath;C:\Program Files\Common Files\Oracle\Java\javapath;C:\Windows\system32;C:\Windows;C:\Windows\System32\Wbem;C:\Windows\System32\WindowsPowerShell\v1.0\;C:\Windows\System32\OpenSSH\;C:\MinGW\bin;C:\Users\Bipin\AppData\Local\Microsoft\WindowsApps;C:\Users\Bipin\AppData\Local\Programs\Microsoft VS Code\bin;C:\adb;C:\WINDOWS\system32;C:\WINDOWS;C:\WINDOWS\System32\Wbem;C:\WINDOWS\System32\WindowsPowerShell\v1.0\;C:\WINDOWS\System32\OpenSSH\;C:\MinGW\bin;C:\Program Files (x86)\Microsoft SQL Server\160\Tools\Binn\;C:\Program Files\Microsoft SQL Server\160\Tools\Binn\;C:\Program Files\Microsoft SQL Server\Client SDK\ODBC\170\Tools\Binn\;C:\Program Files\Microsoft SQL Server\160\DTS\Binn\;C:\Program Files\Azure Data Studio\bin;C:\Program Files\Java\jdk-20\bin;C:\MinGW\bin;C:\MinGW\bin;C:\Program Files\MySQL\MySQL Server 8.0\bin;C:\Program Files\Git\cmd;C:\Program Files\Java\jdk-17\bin;C:\Program Files (x86)\Java\jdk1.5.0_22\bin;C:\Program Files\Java\jdk-9.0.4\bin;D:\JavaDevelopmentKit\bin;D:\JavaRunTimeEnivironment\bin;C:\Program Files\MySQL\MySQL Shell 8.0\bin\;C:\Users\Bipin\AppData\Local\Microsoft\WindowsApps;C:\Program Files\Azure Data Studio\bin;C:\Users\Bipin\AppData\Local\Programs\Microsoft VS Code\bin;C:\adb\platform-tools;C:\Program Files\Java\jdk-17\bin;C:\Program Files (x86)\Java\jdk1.5.0_22\bin;C:\Program Files\Java\jdk-9.0.4\bin;D:\JavaDevelopmentKit\bin;D:\JavaRunTimeEnivironment\bin;
USERNAME=Bipin
OS=Windows_NT
PROCESSOR_IDENTIFIER=Intel64 Family 6 Model 140 Stepping 1, GenuineIntel



---------------  S Y S T E M  ---------------

OS:
 Windows 11 , 64 bit Build 22621 (10.0.22621.3235)
OS uptime: 4 days 7:19 hours

CPU: total 4 (initial active 4) (2 cores per cpu, 2 threads per core) family 6 model 140 stepping 1 microcode 0x9a, cx8, cmov, fxsr, ht, mmx, 3dnowpref, sse, sse2, sse3, ssse3, sse4.1, sse4.2, popcnt, lzcnt, tsc, tscinvbit, avx, avx2, aes, erms, clmul, bmi1, bmi2, adx, avx512f, avx512dq, avx512cd, avx512bw, avx512vl, sha, fma, vzeroupper, avx512_vpopcntdq, avx512_vpclmulqdq, avx512_vaes, avx512_vnni, clflush, clflushopt, clwb, avx512_vbmi2, avx512_vbmi

Memory: 4k page, system-wide physical 7991M (676M free)
TotalPageFile size 25782M (AvailPageFile size 4M)
current process WorkingSet (physical memory assigned to process): 83M, peak: 83M
current process commit charge ("private bytes"): 221M, peak: 221M

vm_info: Java HotSpot(TM) 64-Bit Server VM (17.0.10+11-LTS-240) for windows-amd64 JRE (17.0.10+11-LTS-240), built on Dec 19 2023 21:47:25 by "mach5one" with MS VC++ 17.1 (VS2022)

END.
